0 info it worked if it ends with ok
1 verbose cli [ '/usr/bin/node', '/usr/bin/npm', 'i', '-g', 'tsc' ]
2 info using npm@3.10.10
3 info using node@v6.16.0
4 silly loadCurrentTree Starting
5 silly install loadCurrentTree
6 silly install readGlobalPackageData
7 silly fetchPackageMetaData tsc
8 silly fetchNamedPackageData tsc
9 silly mapToRegistry name tsc
10 silly mapToRegistry using default registry
11 silly mapToRegistry registry https://registry.npmjs.org/
12 silly mapToRegistry data Result {
12 silly mapToRegistry   raw: 'tsc',
12 silly mapToRegistry   scope: null,
12 silly mapToRegistry   escapedName: 'tsc',
12 silly mapToRegistry   name: 'tsc',
12 silly mapToRegistry   rawSpec: '',
12 silly mapToRegistry   spec: 'latest',
12 silly mapToRegistry   type: 'tag' }
13 silly mapToRegistry uri https://registry.npmjs.org/tsc
14 verbose request uri https://registry.npmjs.org/tsc
15 verbose request no auth needed
16 info attempt registry request try #1 at 3:45:56 PM
17 verbose request id e1423c9016f8f9e8
18 http request GET https://registry.npmjs.org/tsc
19 http 200 https://registry.npmjs.org/tsc
20 verbose headers { date: 'Tue, 24 Mar 2020 19:45:56 GMT',
20 verbose headers   'content-type': 'application/json',
20 verbose headers   'transfer-encoding': 'chunked',
20 verbose headers   connection: 'keep-alive',
20 verbose headers   'set-cookie': [ '__cfduid=dd68c3f81783bf373193cd9689d7fd0961585079156; expires=Thu, 23-Apr-20 19:45:56 GMT; path=/; domain=.npmjs.org; HttpOnly; SameSite=Lax' ],
20 verbose headers   'cf-ray': '5792e53a4cbae6b4-EWR',
20 verbose headers   age: '5431',
20 verbose headers   'cache-control': 'public, max-age=300',
20 verbose headers   etag: 'W/"3c4a71134167dfae063af96bf853bb87"',
20 verbose headers   'last-modified': 'Mon, 03 Jun 2019 00:27:46 GMT',
20 verbose headers   vary: 'accept-encoding, accept',
20 verbose headers   'cf-cache-status': 'HIT',
20 verbose headers   'expect-ct': 'max-age=604800, report-uri="https://report-uri.cloudflare.com/cdn-cgi/beacon/expect-ct"',
20 verbose headers   server: 'cloudflare',
20 verbose headers   'content-encoding': 'gzip' }
21 silly get cb [ 200,
21 silly get   { date: 'Tue, 24 Mar 2020 19:45:56 GMT',
21 silly get     'content-type': 'application/json',
21 silly get     'transfer-encoding': 'chunked',
21 silly get     connection: 'keep-alive',
21 silly get     'set-cookie': [ '__cfduid=dd68c3f81783bf373193cd9689d7fd0961585079156; expires=Thu, 23-Apr-20 19:45:56 GMT; path=/; domain=.npmjs.org; HttpOnly; SameSite=Lax' ],
21 silly get     'cf-ray': '5792e53a4cbae6b4-EWR',
21 silly get     age: '5431',
21 silly get     'cache-control': 'public, max-age=300',
21 silly get     etag: 'W/"3c4a71134167dfae063af96bf853bb87"',
21 silly get     'last-modified': 'Mon, 03 Jun 2019 00:27:46 GMT',
21 silly get     vary: 'accept-encoding, accept',
21 silly get     'cf-cache-status': 'HIT',
21 silly get     'expect-ct': 'max-age=604800, report-uri="https://report-uri.cloudflare.com/cdn-cgi/beacon/expect-ct"',
21 silly get     server: 'cloudflare',
21 silly get     'content-encoding': 'gzip' } ]
22 verbose get saving tsc to /ilab/users/pgc42/.npm/registry.npmjs.org/tsc/.cache.json
23 verbose correctMkdir /ilab/users/pgc42/.npm correctMkdir not in flight; initializing
24 silly install normalizeTree
25 silly loadCurrentTree Finishing
26 silly loadIdealTree Starting
27 silly install loadIdealTree
28 silly cloneCurrentTree Starting
29 silly install cloneCurrentTreeToIdealTree
30 silly cloneCurrentTree Finishing
31 silly loadShrinkwrap Starting
32 silly install loadShrinkwrap
33 silly loadShrinkwrap Finishing
34 silly loadAllDepsIntoIdealTree Starting
35 silly install loadAllDepsIntoIdealTree
36 silly resolveWithNewModule tsc@1.20150623.0 checking installable status
37 silly cache add args [ 'tsc', null ]
38 verbose cache add spec tsc
39 silly cache add parsed spec Result {
39 silly cache add   raw: 'tsc',
39 silly cache add   scope: null,
39 silly cache add   escapedName: 'tsc',
39 silly cache add   name: 'tsc',
39 silly cache add   rawSpec: '',
39 silly cache add   spec: 'latest',
39 silly cache add   type: 'tag' }
40 silly addNamed tsc@latest
41 verbose addNamed "latest" is being treated as a dist-tag for tsc
42 info addNameTag [ 'tsc', 'latest' ]
43 silly mapToRegistry name tsc
44 silly mapToRegistry using default registry
45 silly mapToRegistry registry https://registry.npmjs.org/
46 silly mapToRegistry data Result {
46 silly mapToRegistry   raw: 'tsc',
46 silly mapToRegistry   scope: null,
46 silly mapToRegistry   escapedName: 'tsc',
46 silly mapToRegistry   name: 'tsc',
46 silly mapToRegistry   rawSpec: '',
46 silly mapToRegistry   spec: 'latest',
46 silly mapToRegistry   type: 'tag' }
47 silly mapToRegistry uri https://registry.npmjs.org/tsc
48 verbose addNameTag registry:https://registry.npmjs.org/tsc not in flight; fetching
49 verbose get https://registry.npmjs.org/tsc not expired, no request
50 silly addNameTag next cb for tsc with tag latest
51 silly addNamed tsc@1.20150623.0
52 verbose addNamed "1.20150623.0" is a plain semver version for tsc
53 warn deprecated tsc@1.20150623.0: you probably meant to install typescript
54 silly mapToRegistry name tsc
55 silly mapToRegistry using default registry
56 silly mapToRegistry registry https://registry.npmjs.org/
57 silly mapToRegistry data Result {
57 silly mapToRegistry   raw: 'tsc',
57 silly mapToRegistry   scope: null,
57 silly mapToRegistry   escapedName: 'tsc',
57 silly mapToRegistry   name: 'tsc',
57 silly mapToRegistry   rawSpec: '',
57 silly mapToRegistry   spec: 'latest',
57 silly mapToRegistry   type: 'tag' }
58 silly mapToRegistry uri https://registry.npmjs.org/tsc
59 verbose addRemoteTarball https://registry.npmjs.org/tsc/-/tsc-1.20150623.0.tgz not in flight; adding
60 verbose addRemoteTarball [ 'https://registry.npmjs.org/tsc/-/tsc-1.20150623.0.tgz',
60 verbose addRemoteTarball   '4ebc3c774e169148cbc768a7342533f082c7a6e5' ]
61 info retry fetch attempt 1 at 3:45:56 PM
62 info attempt registry request try #1 at 3:45:56 PM
63 http fetch GET https://registry.npmjs.org/tsc/-/tsc-1.20150623.0.tgz
64 http fetch 200 https://registry.npmjs.org/tsc/-/tsc-1.20150623.0.tgz
65 silly fetchAndShaCheck shasum 4ebc3c774e169148cbc768a7342533f082c7a6e5
66 verbose addTmpTarball /tmp/npm-7701-938c0a12/registry.npmjs.org/tsc/-/tsc-1.20150623.0.tgz not in flight; adding
67 verbose addTmpTarball already have metadata; skipping unpack for tsc@1.20150623.0
68 verbose correctMkdir /ilab/users/pgc42/.npm correctMkdir not in flight; initializing
69 silly cache afterAdd tsc@1.20150623.0
70 verbose afterAdd /ilab/users/pgc42/.npm/tsc/1.20150623.0/package/package.json not in flight; writing
71 verbose correctMkdir /ilab/users/pgc42/.npm correctMkdir not in flight; initializing
72 verbose afterAdd /ilab/users/pgc42/.npm/tsc/1.20150623.0/package/package.json written
73 silly loadAllDepsIntoIdealTree Finishing
74 silly loadIdealTree Finishing
75 silly currentTree lib
76 silly idealTree lib
76 silly idealTree └── tsc@1.20150623.0
77 silly generateActionsToTake Starting
78 silly install generateActionsToTake
79 warn checkPermissions Missing write access to /usr/lib/node_modules
80 silly rollbackFailedOptional Starting
81 silly rollbackFailedOptional Finishing
82 silly runTopLevelLifecycles Finishing
83 silly install printInstalled
84 verbose stack Error: EACCES: permission denied, access '/usr/lib/node_modules'
84 verbose stack     at Error (native)
85 verbose cwd /ilab/users/pgc42/Documents/compilers/project1
86 error Linux 3.10.0-957.21.2.el7.x86_64
87 error argv "/usr/bin/node" "/usr/bin/npm" "i" "-g" "tsc"
88 error node v6.16.0
89 error npm  v3.10.10
90 error path /usr/lib/node_modules
91 error code EACCES
92 error errno -13
93 error syscall access
94 error Error: EACCES: permission denied, access '/usr/lib/node_modules'
94 error     at Error (native)
94 error  { Error: EACCES: permission denied, access '/usr/lib/node_modules'
94 error     at Error (native)
94 error   errno: -13,
94 error   code: 'EACCES',
94 error   syscall: 'access',
94 error   path: '/usr/lib/node_modules' }
95 error Please try running this command again as root/Administrator.
96 verbose exit [ -13, true ]
